<?xml version="1.0" encoding="UTF-8"?>
<testsuite name="com.ohgiraffers.transactional.Chap02TransactionalLectureSourceApplicationTests" tests="1" skipped="0" failures="0" errors="0" timestamp="2024-02-22T12:42:23" hostname="orlzlL.local" time="0.339">
  <properties/>
  <testcase name="contextLoads()" classname="com.ohgiraffers.transactional.Chap02TransactionalLectureSourceApplicationTests" time="0.339"/>
  <system-out><![CDATA[21:42:22.777 [Test worker] INFO org.springframework.test.context.support.AnnotationConfigContextLoaderUtils -- Could not detect default configuration classes for test class [com.ohgiraffers.transactional.Chap02TransactionalLectureSourceApplicationTests]: Chap02TransactionalLectureSourceApplicationTests does not declare any static, non-private, non-final, nested classes annotated with @Configuration.
21:42:22.806 [Test worker] INFO org.springframework.boot.test.context.SpringBootTestContextBootstrapper -- Found @SpringBootConfiguration com.ohgiraffers.transactional.Chap02TransactionalLectureSourceApplication for test class com.ohgiraffers.transactional.Chap02TransactionalLectureSourceApplicationTests

  .   ____          _            __ _ _
 /\\ / ___'_ __ _ _(_)_ __  __ _ \ \ \ \
( ( )\___ | '_ | '_| | '_ \/ _` | \ \ \ \
 \\/  ___)| |_)| | | | | || (_| |  ) ) ) )
  '  |____| .__|_| |_|_| |_\__, | / / / /
 =========|_|==============|___/=/_/_/_/
 :: Spring Boot ::                (v3.2.2)

2024-02-22T21:42:22.925+09:00  INFO 5346 --- [    Test worker] ansactionalLectureSourceApplicationTests : Starting Chap02TransactionalLectureSourceApplicationTests using Java 21.0.2 with PID 5346 (started by orlzll in /Users/orlzll/Documents/lecture/08_mybatisspring-main/chap02-transactional-lecture-source)
2024-02-22T21:42:22.925+09:00  INFO 5346 --- [    Test worker] ansactionalLectureSourceApplicationTests : No active profile set, falling back to 1 default profile: "default"
2024-02-22T21:42:23.209+09:00  INFO 5346 --- [    Test worker] ansactionalLectureSourceApplicationTests : Started Chap02TransactionalLectureSourceApplicationTests in 0.365 seconds (process running for 0.699)
]]></system-out>
  <system-err><![CDATA[WARNING: A Java agent has been loaded dynamically (/Users/orlzll/.gradle/caches/modules-2/files-2.1/net.bytebuddy/byte-buddy-agent/1.14.11/f9cb566608fbac6bc7bf54901a7aa11543a989ee/byte-buddy-agent-1.14.11.jar)
WARNING: If a serviceability tool is in use, please run with -XX:+EnableDynamicAgentLoading to hide this warning
WARNING: If a serviceability tool is not in use, please run with -Djdk.instrument.traceUsage for more information
WARNING: Dynamic loading of agents will be disallowed by default in a future release
]]></system-err>
</testsuite>
